Arguments: 
  /usr/local/bin/node /usr/local/bin/yarn add vite-plugin-transform-css-modules

PATH: 
  /usr/local/sbin:/usr/local/bin:/usr/local/sbin:/usr/local/bin:/Users/mac/Desktop/jdk/Contents/Home/bin:/usr/local/lib/ruby/gems/2.7.0/gems/fastlane-2.153.1/bin:/usr/local/opt/ruby/bin:/Users/mac/Library/Android/sdk/platform-tools:/Users/mac/Library/Android/sdk/tools:/usr/local/mongodb/bin:/Users/mac/.fastlane/bin:/usr/local/bin:/usr/bin:/bin:/usr/sbin:/sbin:/usr/local/sbin:/Users/mac/Desktop/jdk/Contents/Home/bin:/usr/local/lib/ruby/gems/2.7.0/gems/fastlane-2.153.1/bin:/usr/local/opt/ruby/bin:/Users/mac/Library/Android/sdk/platform-tools:/Users/mac/Library/Android/sdk/tools:/usr/local/mongodb/bin:/Users/mac/.fastlane/bin:/usr/local/rvm/bin

Yarn version: 
  1.13.0

Node version: 
  10.15.1

Platform: 
  darwin x64

Trace: 
  Error: EACCES: permission denied, mkdir '/Users/mac/Desktop/my-vue-app/node_modules/vite-plugin-transform-css-modules'

npm manifest: 
  {
    "name": "my-vue-app",
    "version": "0.0.0",
    "scripts": {
      "dev": "vite",
      "build": "vite build",
      "serve": "vite preview"
    },
    "dependencies": {
      "react": "^17.0.0",
      "react-dom": "^17.0.0"
    },
    "devDependencies": {
      "@vitejs/plugin-react-refresh": "^1.3.1",
      "vite": "^2.2.3"
    }
  }

yarn manifest: 
  No manifest

Lockfile: 
  No lockfile
